{"level":"info","message":"Sending Email To Dat Pham","timestamp":"2016-02-06T21:24:50.985Z"}
{"level":"info","message":"Sending Email To Dat Pham2","timestamp":"2016-02-06T21:24:50.986Z"}
{"level":"info","message":"Sending Email To Guests \n [object Object]","timestamp":"2016-02-06T21:32:39.558Z"}
{"level":"info","message":"Sending Email To Guests \n [object Object]","timestamp":"2016-02-06T21:33:12.476Z"}
{"level":"info","message":"Sending Email To Guests \n [object Object]","timestamp":"2016-02-06T21:33:44.560Z"}
{"level":"info","message":"Sending Email To Guests \n [object Object]","timestamp":"2016-02-06T21:34:17.052Z"}
{"level":"info","message":"Sending Email To Guests \n [object Object]","timestamp":"2016-02-06T21:34:21.256Z"}
{"level":"info","message":"Sending Email To Guests \n [object Object]","timestamp":"2016-02-06T21:34:58.460Z"}
{"level":"info","message":"Sending Email To Guests \n [object Object]","timestamp":"2016-02-06T21:36:17.750Z"}
{"level":"info","message":"Sending Email To Dat Pham","timestamp":"2016-02-06T21:36:17.753Z"}
{"level":"info","message":"Sending Email To Dat Pham2","timestamp":"2016-02-06T21:36:17.771Z"}
{"level":"info","message":"Sending Email To Guests \n [object Object]","timestamp":"2016-02-06T21:37:41.598Z"}
{"level":"info","message":"Sending Email To Dat Pham","timestamp":"2016-02-06T21:37:41.601Z"}
{"level":"info","message":"Sending Email To Dat Pham2","timestamp":"2016-02-06T21:37:41.619Z"}
{"level":"info","message":"Sending Email To Guests \n [object Object]","timestamp":"2016-02-06T21:37:49.307Z"}
{"level":"info","message":"Sending Email To Dat Pham","timestamp":"2016-02-06T21:37:49.308Z"}
{"level":"info","message":"Sending Email To Dat Pham2","timestamp":"2016-02-06T21:37:49.309Z"}
{"level":"info","message":"Sending Email To Dat Pham","timestamp":"2016-02-06T21:40:17.279Z"}
{"level":"info","message":"Sending Email To Dat Pham2","timestamp":"2016-02-06T21:40:17.282Z"}
{"level":"info","message":"Sending Email To Dat Pham","timestamp":"2016-02-06T21:42:01.737Z"}
{"level":"info","message":"Sending Email To Dat Pham2","timestamp":"2016-02-06T21:42:01.757Z"}
{"level":"info","message":"Sending Email To Dat Pham","timestamp":"2016-02-06T21:42:57.084Z"}
{"level":"info","message":"Sending Email To Dat Pham2","timestamp":"2016-02-06T21:42:57.085Z"}
{"level":"info","message":"Sending Email To Dat Pham","timestamp":"2016-02-06T21:46:32.568Z"}
{"level":"info","message":"Sending Email To Dat Pham2","timestamp":"2016-02-06T21:46:32.591Z"}
{"level":"info","message":"Message sent: 250 2.0.0 OK 1454795194 m5sm33193162pfi.84 - gsmtp","timestamp":"2016-02-06T21:46:34.400Z"}
{"level":"info","message":"Message sent: 250 2.0.0 OK 1454795194 t29sm33309478pfi.8 - gsmtp","timestamp":"2016-02-06T21:46:34.934Z"}
{"level":"info","message":"Sending Email To Dat Pham","timestamp":"2016-02-06T21:48:41.147Z"}
{"level":"info","message":"Sending Email To Dat Pham","timestamp":"2016-02-06T21:49:29.766Z"}
{"level":"info","message":"Sending Email To Dat Pham2","timestamp":"2016-02-06T21:49:29.788Z"}
{"level":"info","message":"Message sent: 250 2.0.0 OK 1454795371 f12sm33213333pfd.87 - gsmtp","timestamp":"2016-02-06T21:49:31.235Z"}
{"level":"info","message":"Message sent: 250 2.0.0 OK 1454795371 ud10sm33273163pab.27 - gsmtp","timestamp":"2016-02-06T21:49:31.847Z"}
{"level":"info","message":"Sending Email To Dat Pham","timestamp":"2016-02-06T21:49:49.588Z"}
{"level":"info","message":"Sending Email To Dat Pham2","timestamp":"2016-02-06T21:49:49.608Z"}
{"level":"info","message":"Message sent: 250 2.0.0 OK 1454795391 h65sm33249316pfh.43 - gsmtp","timestamp":"2016-02-06T21:49:51.332Z"}
{"level":"info","message":"Message sent: 250 2.0.0 OK 1454795392 h89sm28891404pfj.52 - gsmtp","timestamp":"2016-02-06T21:49:52.249Z"}
{"level":"info","message":"Sending Email To Dat Pham","timestamp":"2016-02-06T21:50:17.737Z"}
{"level":"info","message":"Sending Email To Dat Pham2","timestamp":"2016-02-06T21:50:17.756Z"}
{"level":"info","message":"Message sent: 250 2.0.0 OK 1454795419 v86sm33214525pfa.83 - gsmtp","timestamp":"2016-02-06T21:50:19.439Z"}
{"level":"info","message":"Message sent: 250 2.0.0 OK 1454795420 o17sm33240229pfj.50 - gsmtp","timestamp":"2016-02-06T21:50:20.284Z"}
{"level":"info","message":"Sending Email To Dat Pham","timestamp":"2016-02-07T02:30:39.863Z"}
{"level":"info","message":"Sending Email To Dat Pham2","timestamp":"2016-02-07T02:30:39.882Z"}
{"level":"info","message":"Message sent: 250 2.0.0 OK 1454812242 y86sm33935301pfa.26 - gsmtp","timestamp":"2016-02-07T02:30:42.551Z"}
{"level":"info","message":"Message sent: 250 2.0.0 OK 1454812243 x88sm12501934pfi.66 - gsmtp","timestamp":"2016-02-07T02:30:43.353Z"}
{"level":"info","message":"Sending Email To Dat Pham","timestamp":"2016-02-07T02:46:51.904Z"}
{"level":"info","message":"Sending Email To Dat Pham2","timestamp":"2016-02-07T02:46:51.922Z"}
{"level":"info","message":"Sending Email To Dat Pham","timestamp":"2016-02-07T02:47:08.037Z"}
{"level":"info","message":"Sending Email To Dat Pham2","timestamp":"2016-02-07T02:47:08.039Z"}
{"level":"info","message":"Sending Email To Dat Pham","timestamp":"2016-02-07T03:11:52.964Z"}
{"level":"info","message":"Sending Email To Dat Pham2","timestamp":"2016-02-07T03:11:52.981Z"}
{"level":"info","message":"Message sent: 250 2.0.0 OK 1454814715 uk10sm34089666pab.31 - gsmtp","timestamp":"2016-02-07T03:11:55.326Z"}
{"level":"info","message":"Message sent: 250 2.0.0 OK 1454814716 ux2sm33965428pac.46 - gsmtp","timestamp":"2016-02-07T03:11:56.152Z"}
